<?xml version="1.0" encoding="UTF-8"?>
<!-- Generated by org.testng.reporters.JUnitXMLReporter -->
<testsuite ignored="0" hostname="LAPTOP-169GVJDP" failures="0" tests="19" name="Test" time="24.958" errors="0" timestamp="2021-04-20T18:04:35 IDT">
  <testcase classname="tests.log_test" name="correct_information" time="1.127"/>
  <testcase classname="tests.log_test" name="password_only" time="10.438"/>
  <testcase classname="tests.log_test" name="wrong_data" time="1.381"/>
  <testcase classname="tests.log_test" name="wrong_data" time="0.416"/>
  <testcase classname="tests.lnk_test" name="animal_link" time="0.407"/>
  <testcase classname="tests.lnk_test" name="animal_link" time="0.388"/>
  <testcase classname="tests.lnk_test" name="animal_link" time="0.38"/>
  <testcase classname="tests.lnk_test" name="animal_link" time="0.387"/>
  <testcase classname="tests.lnk_test" name="animal_link" time="0.385"/>
  <testcase classname="tests.lnk_test" name="animal_link" time="0.411"/>
  <testcase classname="tests.lnk_test" name="animal_link" time="0.394"/>
  <testcase classname="tests.lnk_test" name="animal_link" time="0.392"/>
  <testcase classname="tests.lnk_test" name="animal_link" time="0.38"/>
  <testcase classname="tests.lnk_test" name="animal_link" time="0.389"/>
  <testcase classname="tests.lnk_test" name="animal_link" time="0.412"/>
  <testcase classname="tests.lnk_test" name="animal_link" time="0.392"/>
  <testcase classname="tests.lnk_test" name="animal_link" time="0.393"/>
  <testcase classname="tests.lnk_test" name="animal_link" time="0.376"/>
  <testcase classname="tests.lnk_test" name="animal_link" time="0.405"/>
</testsuite> <!-- Test -->
