<?xml version="1.0" encoding="UTF-8"?>
<!-- Generated by org.testng.reporters.JUnitXMLReporter -->
<testsuite ignored="0" hostname="LAPTOP-169GVJDP" failures="0" tests="17" name="Default test" time="32.229" errors="0" timestamp="2021-04-23T20:25:27 IDT">
  <testcase classname="tests.lnk_test" name="animal_link" time="0.613"/>
  <testcase classname="tests.lnk_test" name="animal_link" time="0.558"/>
  <testcase classname="tests.lnk_test" name="animal_link" time="0.565"/>
  <testcase classname="tests.lnk_test" name="animal_link" time="0.556"/>
  <testcase classname="tests.lnk_test" name="animal_link" time="0.536"/>
  <testcase classname="tests.lnk_test" name="animal_link" time="0.511"/>
  <testcase classname="tests.lnk_test" name="animal_link" time="0.537"/>
  <testcase classname="tests.lnk_test" name="animal_link" time="0.534"/>
  <testcase classname="tests.lnk_test" name="animal_link" time="0.491"/>
  <testcase classname="tests.lnk_test" name="animal_link" time="0.474"/>
  <testcase classname="tests.lnk_test" name="animal_link" time="0.496"/>
  <testcase classname="tests.lnk_test" name="animal_link" time="0.436"/>
  <testcase classname="tests.lnk_test" name="animal_link" time="0.445"/>
  <testcase classname="tests.lnk_test" name="animal_link" time="0.495"/>
  <testcase classname="tests.lnk_test" name="animal_link" time="0.54"/>
  <testcase classname="tests.lnk_test" name="animal_link" time="10.309"/>
  <testcase classname="tests.lnk_test" name="animal_link" time="10.178"/>
</testsuite> <!-- Default test -->
