<?xml version="1.0" encoding="UTF-8"?>
<testng-results ignored="0" total="17" passed="17" failed="0" skipped="0">
  <reporter-output>
  </reporter-output>
  <suite started-at="2021-04-23T20:24:54 IDT" name="Default suite" finished-at="2021-04-23T20:25:27 IDT" duration-ms="32229">
    <groups>
    </groups>
    <test started-at="2021-04-23T20:24:54 IDT" name="Default test" finished-at="2021-04-23T20:25:27 IDT" duration-ms="32229">
      <class name="tests.lnk_test">
        <test-method is-config="true" signature="beforeSuite()[pri:0, instance:tests.lnk_test@107ed6fc]" started-at="2021-04-23T20:24:54 IDT" name="beforeSuite" finished-at="2021-04-23T20:24:54 IDT" duration-ms="7" status="PASS">
          <reporter-output>
          </reporter-output>
        </test-method> <!-- beforeSuite -->
        <test-method is-config="true" signature="beforeTest()[pri:0, instance:tests.lnk_test@107ed6fc]" started-at="2021-04-23T20:24:54 IDT" name="beforeTest" finished-at="2021-04-23T20:24:54 IDT" duration-ms="0" status="PASS">
          <reporter-output>
          </reporter-output>
        </test-method> <!-- beforeTest -->
        <test-method is-config="true" signature="beforeClass()[pri:0, instance:tests.lnk_test@107ed6fc]" started-at="2021-04-23T20:24:54 IDT" name="beforeClass" finished-at="2021-04-23T20:24:54 IDT" duration-ms="16" status="PASS">
          <reporter-output>
          </reporter-output>
        </test-method> <!-- beforeClass -->
        <test-method is-config="true" signature="beforeMethod()[pri:0, instance:tests.lnk_test@107ed6fc]" started-at="2021-04-23T20:24:54 IDT" name="beforeMethod" finished-at="2021-04-23T20:24:55 IDT" duration-ms="828" status="PASS">
          <reporter-output>
          </reporter-output>
        </test-method> <!-- beforeMethod -->
        <test-method signature="animal_link(int, java.lang.String, java.lang.String)[pri:0, instance:tests.lnk_test@107ed6fc]" started-at="2021-04-23T20:24:55 IDT" name="animal_link" data-provider="animal_links" finished-at="2021-04-23T20:24:56 IDT" duration-ms="613" status="PASS">
          <params>
            <param index="0">
              <value>
                <![CDATA[1]]>
              </value>
            </param>
            <param index="1">
              <value>
                <![CDATA[Fish]]>
              </value>
            </param>
            <param index="2">
              <value>
                <![CDATA[Fish]]>
              </value>
            </param>
          </params>
          <reporter-output>
          </reporter-output>
        </test-method> <!-- animal_link -->
        <test-method is-config="true" signature="afterMethod()[pri:0, instance:tests.lnk_test@107ed6fc]" started-at="2021-04-23T20:24:56 IDT" name="afterMethod" finished-at="2021-04-23T20:24:56 IDT" duration-ms="0" status="PASS">
          <reporter-output>
          </reporter-output>
        </test-method> <!-- afterMethod -->
        <test-method is-config="true" signature="beforeMethod()[pri:0, instance:tests.lnk_test@107ed6fc]" started-at="2021-04-23T20:24:56 IDT" name="beforeMethod" finished-at="2021-04-23T20:24:56 IDT" duration-ms="141" status="PASS">
          <reporter-output>
          </reporter-output>
        </test-method> <!-- beforeMethod -->
        <test-method signature="animal_link(int, java.lang.String, java.lang.String)[pri:0, instance:tests.lnk_test@107ed6fc]" started-at="2021-04-23T20:24:56 IDT" name="animal_link" data-provider="animal_links" finished-at="2021-04-23T20:24:57 IDT" duration-ms="558" status="PASS">
          <params>
            <param index="0">
              <value>
                <![CDATA[1]]>
              </value>
            </param>
            <param index="1">
              <value>
                <![CDATA[Dogs]]>
              </value>
            </param>
            <param index="2">
              <value>
                <![CDATA[Dogs]]>
              </value>
            </param>
          </params>
          <reporter-output>
          </reporter-output>
        </test-method> <!-- animal_link -->
        <test-method is-config="true" signature="afterMethod()[pri:0, instance:tests.lnk_test@107ed6fc]" started-at="2021-04-23T20:24:57 IDT" name="afterMethod" finished-at="2021-04-23T20:24:57 IDT" duration-ms="0" status="PASS">
          <reporter-output>
          </reporter-output>
        </test-method> <!-- afterMethod -->
        <test-method is-config="true" signature="beforeMethod()[pri:0, instance:tests.lnk_test@107ed6fc]" started-at="2021-04-23T20:24:57 IDT" name="beforeMethod" finished-at="2021-04-23T20:24:57 IDT" duration-ms="140" status="PASS">
          <reporter-output>
          </reporter-output>
        </test-method> <!-- beforeMethod -->
        <test-method signature="animal_link(int, java.lang.String, java.lang.String)[pri:0, instance:tests.lnk_test@107ed6fc]" started-at="2021-04-23T20:24:57 IDT" name="animal_link" data-provider="animal_links" finished-at="2021-04-23T20:24:57 IDT" duration-ms="565" status="PASS">
          <params>
            <param index="0">
              <value>
                <![CDATA[1]]>
              </value>
            </param>
            <param index="1">
              <value>
                <![CDATA[Cats]]>
              </value>
            </param>
            <param index="2">
              <value>
                <![CDATA[Cats]]>
              </value>
            </param>
          </params>
          <reporter-output>
          </reporter-output>
        </test-method> <!-- animal_link -->
        <test-method is-config="true" signature="afterMethod()[pri:0, instance:tests.lnk_test@107ed6fc]" started-at="2021-04-23T20:24:57 IDT" name="afterMethod" finished-at="2021-04-23T20:24:57 IDT" duration-ms="1" status="PASS">
          <reporter-output>
          </reporter-output>
        </test-method> <!-- afterMethod -->
        <test-method is-config="true" signature="beforeMethod()[pri:0, instance:tests.lnk_test@107ed6fc]" started-at="2021-04-23T20:24:57 IDT" name="beforeMethod" finished-at="2021-04-23T20:24:57 IDT" duration-ms="130" status="PASS">
          <reporter-output>
          </reporter-output>
        </test-method> <!-- beforeMethod -->
        <test-method signature="animal_link(int, java.lang.String, java.lang.String)[pri:0, instance:tests.lnk_test@107ed6fc]" started-at="2021-04-23T20:24:57 IDT" name="animal_link" data-provider="animal_links" finished-at="2021-04-23T20:24:58 IDT" duration-ms="556" status="PASS">
          <params>
            <param index="0">
              <value>
                <![CDATA[1]]>
              </value>
            </param>
            <param index="1">
              <value>
                <![CDATA[Reptiles]]>
              </value>
            </param>
            <param index="2">
              <value>
                <![CDATA[Reptiles]]>
              </value>
            </param>
          </params>
          <reporter-output>
          </reporter-output>
        </test-method> <!-- animal_link -->
        <test-method is-config="true" signature="afterMethod()[pri:0, instance:tests.lnk_test@107ed6fc]" started-at="2021-04-23T20:24:58 IDT" name="afterMethod" finished-at="2021-04-23T20:24:58 IDT" duration-ms="0" status="PASS">
          <reporter-output>
          </reporter-output>
        </test-method> <!-- afterMethod -->
        <test-method is-config="true" signature="beforeMethod()[pri:0, instance:tests.lnk_test@107ed6fc]" started-at="2021-04-23T20:24:58 IDT" name="beforeMethod" finished-at="2021-04-23T20:24:58 IDT" duration-ms="142" status="PASS">
          <reporter-output>
          </reporter-output>
        </test-method> <!-- beforeMethod -->
        <test-method signature="animal_link(int, java.lang.String, java.lang.String)[pri:0, instance:tests.lnk_test@107ed6fc]" started-at="2021-04-23T20:24:58 IDT" name="animal_link" data-provider="animal_links" finished-at="2021-04-23T20:24:59 IDT" duration-ms="536" status="PASS">
          <params>
            <param index="0">
              <value>
                <![CDATA[1]]>
              </value>
            </param>
            <param index="1">
              <value>
                <![CDATA[Birds]]>
              </value>
            </param>
            <param index="2">
              <value>
                <![CDATA[Birds]]>
              </value>
            </param>
          </params>
          <reporter-output>
          </reporter-output>
        </test-method> <!-- animal_link -->
        <test-method is-config="true" signature="afterMethod()[pri:0, instance:tests.lnk_test@107ed6fc]" started-at="2021-04-23T20:24:59 IDT" name="afterMethod" finished-at="2021-04-23T20:24:59 IDT" duration-ms="1" status="PASS">
          <reporter-output>
          </reporter-output>
        </test-method> <!-- afterMethod -->
        <test-method is-config="true" signature="beforeMethod()[pri:0, instance:tests.lnk_test@107ed6fc]" started-at="2021-04-23T20:24:59 IDT" name="beforeMethod" finished-at="2021-04-23T20:24:59 IDT" duration-ms="146" status="PASS">
          <reporter-output>
          </reporter-output>
        </test-method> <!-- beforeMethod -->
        <test-method signature="animal_link(int, java.lang.String, java.lang.String)[pri:0, instance:tests.lnk_test@107ed6fc]" started-at="2021-04-23T20:24:59 IDT" name="animal_link" data-provider="animal_links" finished-at="2021-04-23T20:24:59 IDT" duration-ms="511" status="PASS">
          <params>
            <param index="0">
              <value>
                <![CDATA[2]]>
              </value>
            </param>
            <param index="1">
              <value>
                <![CDATA[Fish]]>
              </value>
            </param>
            <param index="2">
              <value>
                <![CDATA[Fish]]>
              </value>
            </param>
          </params>
          <reporter-output>
          </reporter-output>
        </test-method> <!-- animal_link -->
        <test-method is-config="true" signature="afterMethod()[pri:0, instance:tests.lnk_test@107ed6fc]" started-at="2021-04-23T20:24:59 IDT" name="afterMethod" finished-at="2021-04-23T20:24:59 IDT" duration-ms="1" status="PASS">
          <reporter-output>
          </reporter-output>
        </test-method> <!-- afterMethod -->
        <test-method is-config="true" signature="beforeMethod()[pri:0, instance:tests.lnk_test@107ed6fc]" started-at="2021-04-23T20:24:59 IDT" name="beforeMethod" finished-at="2021-04-23T20:24:59 IDT" duration-ms="142" status="PASS">
          <reporter-output>
          </reporter-output>
        </test-method> <!-- beforeMethod -->
        <test-method signature="animal_link(int, java.lang.String, java.lang.String)[pri:0, instance:tests.lnk_test@107ed6fc]" started-at="2021-04-23T20:24:59 IDT" name="animal_link" data-provider="animal_links" finished-at="2021-04-23T20:25:00 IDT" duration-ms="537" status="PASS">
          <params>
            <param index="0">
              <value>
                <![CDATA[2]]>
              </value>
            </param>
            <param index="1">
              <value>
                <![CDATA[Dogs]]>
              </value>
            </param>
            <param index="2">
              <value>
                <![CDATA[Dogs]]>
              </value>
            </param>
          </params>
          <reporter-output>
          </reporter-output>
        </test-method> <!-- animal_link -->
        <test-method is-config="true" signature="afterMethod()[pri:0, instance:tests.lnk_test@107ed6fc]" started-at="2021-04-23T20:25:00 IDT" name="afterMethod" finished-at="2021-04-23T20:25:00 IDT" duration-ms="0" status="PASS">
          <reporter-output>
          </reporter-output>
        </test-method> <!-- afterMethod -->
        <test-method is-config="true" signature="beforeMethod()[pri:0, instance:tests.lnk_test@107ed6fc]" started-at="2021-04-23T20:25:00 IDT" name="beforeMethod" finished-at="2021-04-23T20:25:00 IDT" duration-ms="139" status="PASS">
          <reporter-output>
          </reporter-output>
        </test-method> <!-- beforeMethod -->
        <test-method signature="animal_link(int, java.lang.String, java.lang.String)[pri:0, instance:tests.lnk_test@107ed6fc]" started-at="2021-04-23T20:25:00 IDT" name="animal_link" data-provider="animal_links" finished-at="2021-04-23T20:25:01 IDT" duration-ms="534" status="PASS">
          <params>
            <param index="0">
              <value>
                <![CDATA[2]]>
              </value>
            </param>
            <param index="1">
              <value>
                <![CDATA[Cats]]>
              </value>
            </param>
            <param index="2">
              <value>
                <![CDATA[Cats]]>
              </value>
            </param>
          </params>
          <reporter-output>
          </reporter-output>
        </test-method> <!-- animal_link -->
        <test-method is-config="true" signature="afterMethod()[pri:0, instance:tests.lnk_test@107ed6fc]" started-at="2021-04-23T20:25:01 IDT" name="afterMethod" finished-at="2021-04-23T20:25:01 IDT" duration-ms="0" status="PASS">
          <reporter-output>
          </reporter-output>
        </test-method> <!-- afterMethod -->
        <test-method is-config="true" signature="beforeMethod()[pri:0, instance:tests.lnk_test@107ed6fc]" started-at="2021-04-23T20:25:01 IDT" name="beforeMethod" finished-at="2021-04-23T20:25:01 IDT" duration-ms="145" status="PASS">
          <reporter-output>
          </reporter-output>
        </test-method> <!-- beforeMethod -->
        <test-method signature="animal_link(int, java.lang.String, java.lang.String)[pri:0, instance:tests.lnk_test@107ed6fc]" started-at="2021-04-23T20:25:01 IDT" name="animal_link" data-provider="animal_links" finished-at="2021-04-23T20:25:01 IDT" duration-ms="491" status="PASS">
          <params>
            <param index="0">
              <value>
                <![CDATA[2]]>
              </value>
            </param>
            <param index="1">
              <value>
                <![CDATA[Reptiles]]>
              </value>
            </param>
            <param index="2">
              <value>
                <![CDATA[Reptiles]]>
              </value>
            </param>
          </params>
          <reporter-output>
          </reporter-output>
        </test-method> <!-- animal_link -->
        <test-method is-config="true" signature="afterMethod()[pri:0, instance:tests.lnk_test@107ed6fc]" started-at="2021-04-23T20:25:01 IDT" name="afterMethod" finished-at="2021-04-23T20:25:01 IDT" duration-ms="1" status="PASS">
          <reporter-output>
          </reporter-output>
        </test-method> <!-- afterMethod -->
        <test-method is-config="true" signature="beforeMethod()[pri:0, instance:tests.lnk_test@107ed6fc]" started-at="2021-04-23T20:25:01 IDT" name="beforeMethod" finished-at="2021-04-23T20:25:01 IDT" duration-ms="138" status="PASS">
          <reporter-output>
          </reporter-output>
        </test-method> <!-- beforeMethod -->
        <test-method signature="animal_link(int, java.lang.String, java.lang.String)[pri:0, instance:tests.lnk_test@107ed6fc]" started-at="2021-04-23T20:25:01 IDT" name="animal_link" data-provider="animal_links" finished-at="2021-04-23T20:25:02 IDT" duration-ms="474" status="PASS">
          <params>
            <param index="0">
              <value>
                <![CDATA[2]]>
              </value>
            </param>
            <param index="1">
              <value>
                <![CDATA[Birds]]>
              </value>
            </param>
            <param index="2">
              <value>
                <![CDATA[Birds]]>
              </value>
            </param>
          </params>
          <reporter-output>
          </reporter-output>
        </test-method> <!-- animal_link -->
        <test-method is-config="true" signature="afterMethod()[pri:0, instance:tests.lnk_test@107ed6fc]" started-at="2021-04-23T20:25:02 IDT" name="afterMethod" finished-at="2021-04-23T20:25:02 IDT" duration-ms="0" status="PASS">
          <reporter-output>
          </reporter-output>
        </test-method> <!-- afterMethod -->
        <test-method is-config="true" signature="beforeMethod()[pri:0, instance:tests.lnk_test@107ed6fc]" started-at="2021-04-23T20:25:02 IDT" name="beforeMethod" finished-at="2021-04-23T20:25:02 IDT" duration-ms="141" status="PASS">
          <reporter-output>
          </reporter-output>
        </test-method> <!-- beforeMethod -->
        <test-method signature="animal_link(int, java.lang.String, java.lang.String)[pri:0, instance:tests.lnk_test@107ed6fc]" started-at="2021-04-23T20:25:02 IDT" name="animal_link" data-provider="animal_links" finished-at="2021-04-23T20:25:03 IDT" duration-ms="496" status="PASS">
          <params>
            <param index="0">
              <value>
                <![CDATA[3]]>
              </value>
            </param>
            <param index="1">
              <value>
                <![CDATA[Fish]]>
              </value>
            </param>
            <param index="2">
              <value>
                <![CDATA[Fish]]>
              </value>
            </param>
          </params>
          <reporter-output>
          </reporter-output>
        </test-method> <!-- animal_link -->
        <test-method is-config="true" signature="afterMethod()[pri:0, instance:tests.lnk_test@107ed6fc]" started-at="2021-04-23T20:25:03 IDT" name="afterMethod" finished-at="2021-04-23T20:25:03 IDT" duration-ms="0" status="PASS">
          <reporter-output>
          </reporter-output>
        </test-method> <!-- afterMethod -->
        <test-method is-config="true" signature="beforeMethod()[pri:0, instance:tests.lnk_test@107ed6fc]" started-at="2021-04-23T20:25:03 IDT" name="beforeMethod" finished-at="2021-04-23T20:25:03 IDT" duration-ms="128" status="PASS">
          <reporter-output>
          </reporter-output>
        </test-method> <!-- beforeMethod -->
        <test-method signature="animal_link(int, java.lang.String, java.lang.String)[pri:0, instance:tests.lnk_test@107ed6fc]" started-at="2021-04-23T20:25:03 IDT" name="animal_link" data-provider="animal_links" finished-at="2021-04-23T20:25:03 IDT" duration-ms="436" status="PASS">
          <params>
            <param index="0">
              <value>
                <![CDATA[3]]>
              </value>
            </param>
            <param index="1">
              <value>
                <![CDATA[Dogs]]>
              </value>
            </param>
            <param index="2">
              <value>
                <![CDATA[Dogs]]>
              </value>
            </param>
          </params>
          <reporter-output>
          </reporter-output>
        </test-method> <!-- animal_link -->
        <test-method is-config="true" signature="beforeMethod()[pri:0, instance:tests.lnk_test@107ed6fc]" started-at="2021-04-23T20:25:03 IDT" name="beforeMethod" finished-at="2021-04-23T20:25:03 IDT" duration-ms="131" status="PASS">
          <reporter-output>
          </reporter-output>
        </test-method> <!-- beforeMethod -->
        <test-method is-config="true" signature="afterMethod()[pri:0, instance:tests.lnk_test@107ed6fc]" started-at="2021-04-23T20:25:03 IDT" name="afterMethod" finished-at="2021-04-23T20:25:03 IDT" duration-ms="0" status="PASS">
          <reporter-output>
          </reporter-output>
        </test-method> <!-- afterMethod -->
        <test-method signature="animal_link(int, java.lang.String, java.lang.String)[pri:0, instance:tests.lnk_test@107ed6fc]" started-at="2021-04-23T20:25:03 IDT" name="animal_link" data-provider="animal_links" finished-at="2021-04-23T20:25:04 IDT" duration-ms="445" status="PASS">
          <params>
            <param index="0">
              <value>
                <![CDATA[3]]>
              </value>
            </param>
            <param index="1">
              <value>
                <![CDATA[Cats]]>
              </value>
            </param>
            <param index="2">
              <value>
                <![CDATA[Cats]]>
              </value>
            </param>
          </params>
          <reporter-output>
          </reporter-output>
        </test-method> <!-- animal_link -->
        <test-method is-config="true" signature="afterMethod()[pri:0, instance:tests.lnk_test@107ed6fc]" started-at="2021-04-23T20:25:04 IDT" name="afterMethod" finished-at="2021-04-23T20:25:04 IDT" duration-ms="1" status="PASS">
          <reporter-output>
          </reporter-output>
        </test-method> <!-- afterMethod -->
        <test-method is-config="true" signature="beforeMethod()[pri:0, instance:tests.lnk_test@107ed6fc]" started-at="2021-04-23T20:25:04 IDT" name="beforeMethod" finished-at="2021-04-23T20:25:04 IDT" duration-ms="256" status="PASS">
          <reporter-output>
          </reporter-output>
        </test-method> <!-- beforeMethod -->
        <test-method signature="animal_link(int, java.lang.String, java.lang.String)[pri:0, instance:tests.lnk_test@107ed6fc]" started-at="2021-04-23T20:25:04 IDT" name="animal_link" data-provider="animal_links" finished-at="2021-04-23T20:25:04 IDT" duration-ms="495" status="PASS">
          <params>
            <param index="0">
              <value>
                <![CDATA[3]]>
              </value>
            </param>
            <param index="1">
              <value>
                <![CDATA[Reptiles]]>
              </value>
            </param>
            <param index="2">
              <value>
                <![CDATA[Reptiles]]>
              </value>
            </param>
          </params>
          <reporter-output>
          </reporter-output>
        </test-method> <!-- animal_link -->
        <test-method is-config="true" signature="afterMethod()[pri:0, instance:tests.lnk_test@107ed6fc]" started-at="2021-04-23T20:25:04 IDT" name="afterMethod" finished-at="2021-04-23T20:25:04 IDT" duration-ms="1" status="PASS">
          <reporter-output>
          </reporter-output>
        </test-method> <!-- afterMethod -->
        <test-method is-config="true" signature="beforeMethod()[pri:0, instance:tests.lnk_test@107ed6fc]" started-at="2021-04-23T20:25:04 IDT" name="beforeMethod" finished-at="2021-04-23T20:25:05 IDT" duration-ms="131" status="PASS">
          <reporter-output>
          </reporter-output>
        </test-method> <!-- beforeMethod -->
        <test-method signature="animal_link(int, java.lang.String, java.lang.String)[pri:0, instance:tests.lnk_test@107ed6fc]" started-at="2021-04-23T20:25:05 IDT" name="animal_link" data-provider="animal_links" finished-at="2021-04-23T20:25:05 IDT" duration-ms="540" status="PASS">
          <params>
            <param index="0">
              <value>
                <![CDATA[3]]>
              </value>
            </param>
            <param index="1">
              <value>
                <![CDATA[Birds]]>
              </value>
            </param>
            <param index="2">
              <value>
                <![CDATA[Birds]]>
              </value>
            </param>
          </params>
          <reporter-output>
          </reporter-output>
        </test-method> <!-- animal_link -->
        <test-method is-config="true" signature="afterMethod()[pri:0, instance:tests.lnk_test@107ed6fc]" started-at="2021-04-23T20:25:05 IDT" name="afterMethod" finished-at="2021-04-23T20:25:05 IDT" duration-ms="2" status="PASS">
          <reporter-output>
          </reporter-output>
        </test-method> <!-- afterMethod -->
        <test-method is-config="true" signature="beforeMethod()[pri:0, instance:tests.lnk_test@107ed6fc]" started-at="2021-04-23T20:25:05 IDT" name="beforeMethod" finished-at="2021-04-23T20:25:05 IDT" duration-ms="147" status="PASS">
          <reporter-output>
          </reporter-output>
        </test-method> <!-- beforeMethod -->
        <test-method signature="animal_link(int, java.lang.String, java.lang.String)[pri:0, instance:tests.lnk_test@107ed6fc]" started-at="2021-04-23T20:25:05 IDT" name="animal_link" data-provider="animal_links" finished-at="2021-04-23T20:25:16 IDT" duration-ms="10309" status="PASS">
          <params>
            <param index="0">
              <value>
                <![CDATA[4]]>
              </value>
            </param>
            <param index="1">
              <value>
                <![CDATA[Birds]]>
              </value>
            </param>
            <param index="2">
              <value>
                <![CDATA[Birds]]>
              </value>
            </param>
          </params>
          <reporter-output>
          </reporter-output>
        </test-method> <!-- animal_link -->
        <test-method is-config="true" signature="afterMethod()[pri:0, instance:tests.lnk_test@107ed6fc]" started-at="2021-04-23T20:25:16 IDT" name="afterMethod" finished-at="2021-04-23T20:25:16 IDT" duration-ms="1" status="PASS">
          <reporter-output>
          </reporter-output>
        </test-method> <!-- afterMethod -->
        <test-method is-config="true" signature="beforeMethod()[pri:0, instance:tests.lnk_test@107ed6fc]" started-at="2021-04-23T20:25:16 IDT" name="beforeMethod" finished-at="2021-04-23T20:25:16 IDT" duration-ms="146" status="PASS">
          <reporter-output>
          </reporter-output>
        </test-method> <!-- beforeMethod -->
        <test-method signature="animal_link(int, java.lang.String, java.lang.String)[pri:0, instance:tests.lnk_test@107ed6fc]" started-at="2021-04-23T20:25:16 IDT" name="animal_link" data-provider="animal_links" finished-at="2021-04-23T20:25:26 IDT" duration-ms="10178" status="PASS">
          <params>
            <param index="0">
              <value>
                <![CDATA[3]]>
              </value>
            </param>
            <param index="1">
              <value>
                <![CDATA[Horses]]>
              </value>
            </param>
            <param index="2">
              <value>
                <![CDATA[Horses]]>
              </value>
            </param>
          </params>
          <reporter-output>
          </reporter-output>
        </test-method> <!-- animal_link -->
        <test-method is-config="true" signature="afterMethod()[pri:0, instance:tests.lnk_test@107ed6fc]" started-at="2021-04-23T20:25:26 IDT" name="afterMethod" finished-at="2021-04-23T20:25:26 IDT" duration-ms="0" status="PASS">
          <reporter-output>
          </reporter-output>
        </test-method> <!-- afterMethod -->
        <test-method is-config="true" signature="afterClass()[pri:0, instance:tests.lnk_test@107ed6fc]" started-at="2021-04-23T20:25:26 IDT" name="afterClass" finished-at="2021-04-23T20:25:27 IDT" duration-ms="674" status="PASS">
          <reporter-output>
          </reporter-output>
        </test-method> <!-- afterClass -->
        <test-method is-config="true" signature="afterTest()[pri:0, instance:tests.lnk_test@107ed6fc]" started-at="2021-04-23T20:25:27 IDT" name="afterTest" finished-at="2021-04-23T20:25:27 IDT" duration-ms="1" status="PASS">
          <reporter-output>
          </reporter-output>
        </test-method> <!-- afterTest -->
        <test-method is-config="true" signature="afterSuite()[pri:0, instance:tests.lnk_test@107ed6fc]" started-at="2021-04-23T20:25:27 IDT" name="afterSuite" finished-at="2021-04-23T20:25:27 IDT" duration-ms="0" status="PASS">
          <reporter-output>
          </reporter-output>
        </test-method> <!-- afterSuite -->
      </class> <!-- tests.lnk_test -->
    </test> <!-- Default test -->
  </suite> <!-- Default suite -->
</testng-results>
